<?xml version="1.0" encoding="UTF-8"?>
<testsuite name="com.google.www.runners.RestService" tests="0" skipped="0" failures="0" errors="0" timestamp="1970-01-01T00:00:00" hostname="50HW016971" time="0.0">
  <properties/>
  <system-out><![CDATA[
1 Scenarios (?[33m1 undefined?[0m)
3 Steps (?[33m3 undefined?[0m)
0m0.301s


You can implement missing steps with the snippets below:


@Given("^The user was navigated in the web$")
public void theUserWasNavigatedInTheWeb() {
    // Write code here that turns the phrase above into concrete actions
    throw new PendingException();
}

@When("^User is consuming a service$")
public void userIsConsumingAService() {
    // Write code here that turns the phrase above into concrete actions
    throw new PendingException();
}

@Then("^The user will see a first name: Jhojasi$")
public void theUserWillSeeAFirstNameJhojasi() {
    // Write code here that turns the phrase above into concrete actions
    throw new PendingException();
}

]]></system-out>
  <system-err><![CDATA[SLF4J: Failed to load class "org.slf4j.impl.StaticLoggerBinder".
SLF4J: Defaulting to no-operation (NOP) logger implementation
SLF4J: See http://www.slf4j.org/codes.html#StaticLoggerBinder for further details.
]]></system-err>
</testsuite>
